Illuminate\Database\Eloquent\Collection Object
(
    [items:protected] => Array
        (
            [0] => App\Models\Task Object
                (
                    [connection:protected] => mysql
                    [table:protected] => tasks
                    [primaryKey:protected] => id
                    [keyType:protected] => int
                    [incrementing] => 1
                    [with:protected] => Array
                        (
                        )

                    [withCount:protected] => Array
                        (
                        )

                    [preventsLazyLoading] => 
                    [perPage:protected] => 15
                    [exists] => 1
                    [wasRecentlyCreated] => 
                    [escapeWhenCastingToString:protected] => 
                    [attributes:protected] => Array
                        (
                            [project_id] => 2
                        )

                    [original:protected] => Array
                        (
                            [project_id] => 2
                        )

                    [changes:protected] => Array
                        (
                        )

                    [casts:protected] => Array
                        (
                            [deleted_at] => datetime
                        )

                    [classCastCache:protected] => Array
                        (
                        )

                    [attributeCastCache:protected] => Array
                        (
                        )

                    [dateFormat:protected] => 
                    [appends:protected] => Array
                        (
                        )

                    [dispatchesEvents:protected] => Array
                        (
                        )

                    [observables:protected] => Array
                        (
                        )

                    [relations:protected] => Array
                        (
                        )

                    [touches:protected] => Array
                        (
                        )

                    [timestamps] => 1
                    [usesUniqueIds] => 
                    [hidden:protected] => Array
                        (
                        )

                    [visible:protected] => Array
                        (
                        )

                    [fillable:protected] => Array
                        (
                        )

                    [guarded:protected] => Array
                        (
                            [0] => *
                        )

                    [forceDeleting:protected] => 
                )

            [1] => App\Models\Task Object
                (
                    [connection:protected] => mysql
                    [table:protected] => tasks
                    [primaryKey:protected] => id
                    [keyType:protected] => int
                    [incrementing] => 1
                    [with:protected] => Array
                        (
                        )

                    [withCount:protected] => Array
                        (
                        )

                    [preventsLazyLoading] => 
                    [perPage:protected] => 15
                    [exists] => 1
                    [wasRecentlyCreated] => 
                    [escapeWhenCastingToString:protected] => 
                    [attributes:protected] => Array
                        (
                            [project_id] => 2
                        )

                    [original:protected] => Array
                        (
                            [project_id] => 2
                        )

                    [changes:protected] => Array
                        (
                        )

                    [casts:protected] => Array
                        (
                            [deleted_at] => datetime
                        )

                    [classCastCache:protected] => Array
                        (
                        )

                    [attributeCastCache:protected] => Array
                        (
                        )

                    [dateFormat:protected] => 
                    [appends:protected] => Array
                        (
                        )

                    [dispatchesEvents:protected] => Array
                        (
                        )

                    [observables:protected] => Array
                        (
                        )

                    [relations:protected] => Array
                        (
                        )

                    [touches:protected] => Array
                        (
                        )

                    [timestamps] => 1
                    [usesUniqueIds] => 
                    [hidden:protected] => Array
                        (
                        )

                    [visible:protected] => Array
                        (
                        )

                    [fillable:protected] => Array
                        (
                        )

                    [guarded:protected] => Array
                        (
                            [0] => *
                        )

                    [forceDeleting:protected] => 
                )

            [2] => App\Models\Task Object
                (
                    [connection:protected] => mysql
                    [table:protected] => tasks
                    [primaryKey:protected] => id
                    [keyType:protected] => int
                    [incrementing] => 1
                    [with:protected] => Array
                        (
                        )

                    [withCount:protected] => Array
                        (
                        )

                    [preventsLazyLoading] => 
                    [perPage:protected] => 15
                    [exists] => 1
                    [wasRecentlyCreated] => 
                    [escapeWhenCastingToString:protected] => 
                    [attributes:protected] => Array
                        (
                            [project_id] => 2
                        )

                    [original:protected] => Array
                        (
                            [project_id] => 2
                        )

                    [changes:protected] => Array
                        (
                        )

                    [casts:protected] => Array
                        (
                            [deleted_at] => datetime
                        )

                    [classCastCache:protected] => Array
                        (
                        )

                    [attributeCastCache:protected] => Array
                        (
                        )

                    [dateFormat:protected] => 
                    [appends:protected] => Array
                        (
                        )

                    [dispatchesEvents:protected] => Array
                        (
                        )

                    [observables:protected] => Array
                        (
                        )

                    [relations:protected] => Array
                        (
                        )

                    [touches:protected] => Array
                        (
                        )

                    [timestamps] => 1
                    [usesUniqueIds] => 
                    [hidden:protected] => Array
                        (
                        )

                    [visible:protected] => Array
                        (
                        )

                    [fillable:protected] => Array
                        (
                        )

                    [guarded:protected] => Array
                        (
                            [0] => *
                        )

                    [forceDeleting:protected] => 
                )

            [3] => App\Models\Task Object
                (
                    [connection:protected] => mysql
                    [table:protected] => tasks
                    [primaryKey:protected] => id
                    [keyType:protected] => int
                    [incrementing] => 1
                    [with:protected] => Array
                        (
                        )

                    [withCount:protected] => Array
                        (
                        )

                    [preventsLazyLoading] => 
                    [perPage:protected] => 15
                    [exists] => 1
                    [wasRecentlyCreated] => 
                    [escapeWhenCastingToString:protected] => 
                    [attributes:protected] => Array
                        (
                            [project_id] => 2
                        )

                    [original:protected] => Array
                        (
                            [project_id] => 2
                        )

                    [changes:protected] => Array
                        (
                        )

                    [casts:protected] => Array
                        (
                            [deleted_at] => datetime
                        )

                    [classCastCache:protected] => Array
                        (
                        )

                    [attributeCastCache:protected] => Array
                        (
                        )

                    [dateFormat:protected] => 
                    [appends:protected] => Array
                        (
                        )

                    [dispatchesEvents:protected] => Array
                        (
                        )

                    [observables:protected] => Array
                        (
                        )

                    [relations:protected] => Array
                        (
                        )

                    [touches:protected] => Array
                        (
                        )

                    [timestamps] => 1
                    [usesUniqueIds] => 
                    [hidden:protected] => Array
                        (
                        )

                    [visible:protected] => Array
                        (
                        )

                    [fillable:protected] => Array
                        (
                        )

                    [guarded:protected] => Array
                        (
                            [0] => *
                        )

                    [forceDeleting:protected] => 
                )

            [4] => App\Models\Task Object
                (
                    [connection:protected] => mysql
                    [table:protected] => tasks
                    [primaryKey:protected] => id
                    [keyType:protected] => int
                    [incrementing] => 1
                    [with:protected] => Array
                        (
                        )

                    [withCount:protected] => Array
                        (
                        )

                    [preventsLazyLoading] => 
                    [perPage:protected] => 15
                    [exists] => 1
                    [wasRecentlyCreated] => 
                    [escapeWhenCastingToString:protected] => 
                    [attributes:protected] => Array
                        (
                            [project_id] => 2
                        )

                    [original:protected] => Array
                        (
                            [project_id] => 2
                        )

                    [changes:protected] => Array
                        (
                        )

                    [casts:protected] => Array
                        (
                            [deleted_at] => datetime
                        )

                    [classCastCache:protected] => Array
                        (
                        )

                    [attributeCastCache:protected] => Array
                        (
                        )

                    [dateFormat:protected] => 
                    [appends:protected] => Array
                        (
                        )

                    [dispatchesEvents:protected] => Array
                        (
                        )

                    [observables:protected] => Array
                        (
                        )

                    [relations:protected] => Array
                        (
                        )

                    [touches:protected] => Array
                        (
                        )

                    [timestamps] => 1
                    [usesUniqueIds] => 
                    [hidden:protected] => Array
                        (
                        )

                    [visible:protected] => Array
                        (
                        )

                    [fillable:protected] => Array
                        (
                        )

                    [guarded:protected] => Array
                        (
                            [0] => *
                        )

                    [forceDeleting:protected] => 
                )

            [5] => App\Models\Task Object
                (
                    [connection:protected] => mysql
                    [table:protected] => tasks
                    [primaryKey:protected] => id
                    [keyType:protected] => int
                    [incrementing] => 1
                    [with:protected] => Array
                        (
                        )

                    [withCount:protected] => Array
                        (
                        )

                    [preventsLazyLoading] => 
                    [perPage:protected] => 15
                    [exists] => 1
                    [wasRecentlyCreated] => 
                    [escapeWhenCastingToString:protected] => 
                    [attributes:protected] => Array
                        (
                            [project_id] => 2
                        )

                    [original:protected] => Array
                        (
                            [project_id] => 2
                        )

                    [changes:protected] => Array
                        (
                        )

                    [casts:protected] => Array
                        (
                            [deleted_at] => datetime
                        )

                    [classCastCache:protected] => Array
                        (
                        )

                    [attributeCastCache:protected] => Array
                        (
                        )

                    [dateFormat:protected] => 
                    [appends:protected] => Array
                        (
                        )

                    [dispatchesEvents:protected] => Array
                        (
                        )

                    [observables:protected] => Array
                        (
                        )

                    [relations:protected] => Array
                        (
                        )

                    [touches:protected] => Array
                        (
                        )

                    [timestamps] => 1
                    [usesUniqueIds] => 
                    [hidden:protected] => Array
                        (
                        )

                    [visible:protected] => Array
                        (
                        )

                    [fillable:protected] => Array
                        (
                        )

                    [guarded:protected] => Array
                        (
                            [0] => *
                        )

                    [forceDeleting:protected] => 
                )

            [6] => App\Models\Task Object
                (
                    [connection:protected] => mysql
                    [table:protected] => tasks
                    [primaryKey:protected] => id
                    [keyType:protected] => int
                    [incrementing] => 1
                    [with:protected] => Array
                        (
                        )

                    [withCount:protected] => Array
                        (
                        )

                    [preventsLazyLoading] => 
                    [perPage:protected] => 15
                    [exists] => 1
                    [wasRecentlyCreated] => 
                    [escapeWhenCastingToString:protected] => 
                    [attributes:protected] => Array
                        (
                            [project_id] => 2
                        )

                    [original:protected] => Array
                        (
                            [project_id] => 2
                        )

                    [changes:protected] => Array
                        (
                        )

                    [casts:protected] => Array
                        (
                            [deleted_at] => datetime
                        )

                    [classCastCache:protected] => Array
                        (
                        )

                    [attributeCastCache:protected] => Array
                        (
                        )

                    [dateFormat:protected] => 
                    [appends:protected] => Array
                        (
                        )

                    [dispatchesEvents:protected] => Array
                        (
                        )

                    [observables:protected] => Array
                        (
                        )

                    [relations:protected] => Array
                        (
                        )

                    [touches:protected] => Array
                        (
                        )

                    [timestamps] => 1
                    [usesUniqueIds] => 
                    [hidden:protected] => Array
                        (
                        )

                    [visible:protected] => Array
                        (
                        )

                    [fillable:protected] => Array
                        (
                        )

                    [guarded:protected] => Array
                        (
                            [0] => *
                        )

                    [forceDeleting:protected] => 
                )

            [7] => App\Models\Task Object
                (
                    [connection:protected] => mysql
                    [table:protected] => tasks
                    [primaryKey:protected] => id
                    [keyType:protected] => int
                    [incrementing] => 1
                    [with:protected] => Array
                        (
                        )

                    [withCount:protected] => Array
                        (
                        )

                    [preventsLazyLoading] => 
                    [perPage:protected] => 15
                    [exists] => 1
                    [wasRecentlyCreated] => 
                    [escapeWhenCastingToString:protected] => 
                    [attributes:protected] => Array
                        (
                            [project_id] => 2
                        )

                    [original:protected] => Array
                        (
                            [project_id] => 2
                        )

                    [changes:protected] => Array
                        (
                        )

                    [casts:protected] => Array
                        (
                            [deleted_at] => datetime
                        )

                    [classCastCache:protected] => Array
                        (
                        )

                    [attributeCastCache:protected] => Array
                        (
                        )

                    [dateFormat:protected] => 
                    [appends:protected] => Array
                        (
                        )

                    [dispatchesEvents:protected] => Array
                        (
                        )

                    [observables:protected] => Array
                        (
                        )

                    [relations:protected] => Array
                        (
                        )

                    [touches:protected] => Array
                        (
                        )

                    [timestamps] => 1
                    [usesUniqueIds] => 
                    [hidden:protected] => Array
                        (
                        )

                    [visible:protected] => Array
                        (
                        )

                    [fillable:protected] => Array
                        (
                        )

                    [guarded:protected] => Array
                        (
                            [0] => *
                        )

                    [forceDeleting:protected] => 
                )

            [8] => App\Models\Task Object
                (
                    [connection:protected] => mysql
                    [table:protected] => tasks
                    [primaryKey:protected] => id
                    [keyType:protected] => int
                    [incrementing] => 1
                    [with:protected] => Array
                        (
                        )

                    [withCount:protected] => Array
                        (
                        )

                    [preventsLazyLoading] => 
                    [perPage:protected] => 15
                    [exists] => 1
                    [wasRecentlyCreated] => 
                    [escapeWhenCastingToString:protected] => 
                    [attributes:protected] => Array
                        (
                            [project_id] => 2
                        )

                    [original:protected] => Array
                        (
                            [project_id] => 2
                        )

                    [changes:protected] => Array
                        (
                        )

                    [casts:protected] => Array
                        (
                            [deleted_at] => datetime
                        )

                    [classCastCache:protected] => Array
                        (
                        )

                    [attributeCastCache:protected] => Array
                        (
                        )

                    [dateFormat:protected] => 
                    [appends:protected] => Array
                        (
                        )

                    [dispatchesEvents:protected] => Array
                        (
                        )

                    [observables:protected] => Array
                        (
                        )

                    [relations:protected] => Array
                        (
                        )

                    [touches:protected] => Array
                        (
                        )

                    [timestamps] => 1
                    [usesUniqueIds] => 
                    [hidden:protected] => Array
                        (
                        )

                    [visible:protected] => Array
                        (
                        )

                    [fillable:protected] => Array
                        (
                        )

                    [guarded:protected] => Array
                        (
                            [0] => *
                        )

                    [forceDeleting:protected] => 
                )

            [9] => App\Models\Task Object
                (
                    [connection:protected] => mysql
                    [table:protected] => tasks
                    [primaryKey:protected] => id
                    [keyType:protected] => int
                    [incrementing] => 1
                    [with:protected] => Array
                        (
                        )

                    [withCount:protected] => Array
                        (
                        )

                    [preventsLazyLoading] => 
                    [perPage:protected] => 15
                    [exists] => 1
                    [wasRecentlyCreated] => 
                    [escapeWhenCastingToString:protected] => 
                    [attributes:protected] => Array
                        (
                            [project_id] => 2
                        )

                    [original:protected] => Array
                        (
                            [project_id] => 2
                        )

                    [changes:protected] => Array
                        (
                        )

                    [casts:protected] => Array
                        (
                            [deleted_at] => datetime
                        )

                    [classCastCache:protected] => Array
                        (
                        )

                    [attributeCastCache:protected] => Array
                        (
                        )

                    [dateFormat:protected] => 
                    [appends:protected] => Array
                        (
                        )

                    [dispatchesEvents:protected] => Array
                        (
                        )

                    [observables:protected] => Array
                        (
                        )

                    [relations:protected] => Array
                        (
                        )

                    [touches:protected] => Array
                        (
                        )

                    [timestamps] => 1
                    [usesUniqueIds] => 
                    [hidden:protected] => Array
                        (
                        )

                    [visible:protected] => Array
                        (
                        )

                    [fillable:protected] => Array
                        (
                        )

                    [guarded:protected] => Array
                        (
                            [0] => *
                        )

                    [forceDeleting:protected] => 
                )

            [10] => App\Models\Task Object
                (
                    [connection:protected] => mysql
                    [table:protected] => tasks
                    [primaryKey:protected] => id
                    [keyType:protected] => int
                    [incrementing] => 1
                    [with:protected] => Array
                        (
                        )

                    [withCount:protected] => Array
                        (
                        )

                    [preventsLazyLoading] => 
                    [perPage:protected] => 15
                    [exists] => 1
                    [wasRecentlyCreated] => 
                    [escapeWhenCastingToString:protected] => 
                    [attributes:protected] => Array
                        (
                            [project_id] => 2
                        )

                    [original:protected] => Array
                        (
                            [project_id] => 2
                        )

                    [changes:protected] => Array
                        (
                        )

                    [casts:protected] => Array
                        (
                            [deleted_at] => datetime
                        )

                    [classCastCache:protected] => Array
                        (
                        )

                    [attributeCastCache:protected] => Array
                        (
                        )

                    [dateFormat:protected] => 
                    [appends:protected] => Array
                        (
                        )

                    [dispatchesEvents:protected] => Array
                        (
                        )

                    [observables:protected] => Array
                        (
                        )

                    [relations:protected] => Array
                        (
                        )

                    [touches:protected] => Array
                        (
                        )

                    [timestamps] => 1
                    [usesUniqueIds] => 
                    [hidden:protected] => Array
                        (
                        )

                    [visible:protected] => Array
                        (
                        )

                    [fillable:protected] => Array
                        (
                        )

                    [guarded:protected] => Array
                        (
                            [0] => *
                        )

                    [forceDeleting:protected] => 
                )

            [11] => App\Models\Task Object
                (
                    [connection:protected] => mysql
                    [table:protected] => tasks
                    [primaryKey:protected] => id
                    [keyType:protected] => int
                    [incrementing] => 1
                    [with:protected] => Array
                        (
                        )

                    [withCount:protected] => Array
                        (
                        )

                    [preventsLazyLoading] => 
                    [perPage:protected] => 15
                    [exists] => 1
                    [wasRecentlyCreated] => 
                    [escapeWhenCastingToString:protected] => 
                    [attributes:protected] => Array
                        (
                            [project_id] => 2
                        )

                    [original:protected] => Array
                        (
                            [project_id] => 2
                        )

                    [changes:protected] => Array
                        (
                        )

                    [casts:protected] => Array
                        (
                            [deleted_at] => datetime
                        )

                    [classCastCache:protected] => Array
                        (
                        )

                    [attributeCastCache:protected] => Array
                        (
                        )

                    [dateFormat:protected] => 
                    [appends:protected] => Array
                        (
                        )

                    [dispatchesEvents:protected] => Array
                        (
                        )

                    [observables:protected] => Array
                        (
                        )

                    [relations:protected] => Array
                        (
                        )

                    [touches:protected] => Array
                        (
                        )

                    [timestamps] => 1
                    [usesUniqueIds] => 
                    [hidden:protected] => Array
                        (
                        )

                    [visible:protected] => Array
                        (
                        )

                    [fillable:protected] => Array
                        (
                        )

                    [guarded:protected] => Array
                        (
                            [0] => *
                        )

                    [forceDeleting:protected] => 
                )

            [12] => App\Models\Task Object
                (
                    [connection:protected] => mysql
                    [table:protected] => tasks
                    [primaryKey:protected] => id
                    [keyType:protected] => int
                    [incrementing] => 1
                    [with:protected] => Array
                        (
                        )

                    [withCount:protected] => Array
                        (
                        )

                    [preventsLazyLoading] => 
                    [perPage:protected] => 15
                    [exists] => 1
                    [wasRecentlyCreated] => 
                    [escapeWhenCastingToString:protected] => 
                    [attributes:protected] => Array
                        (
                            [project_id] => 2
                        )

                    [original:protected] => Array
                        (
                            [project_id] => 2
                        )

                    [changes:protected] => Array
                        (
                        )

                    [casts:protected] => Array
                        (
                            [deleted_at] => datetime
                        )

                    [classCastCache:protected] => Array
                        (
                        )

                    [attributeCastCache:protected] => Array
                        (
                        )

                    [dateFormat:protected] => 
                    [appends:protected] => Array
                        (
                        )

                    [dispatchesEvents:protected] => Array
                        (
                        )

                    [observables:protected] => Array
                        (
                        )

                    [relations:protected] => Array
                        (
                        )

                    [touches:protected] => Array
                        (
                        )

                    [timestamps] => 1
                    [usesUniqueIds] => 
                    [hidden:protected] => Array
                        (
                        )

                    [visible:protected] => Array
                        (
                        )

                    [fillable:protected] => Array
                        (
                        )

                    [guarded:protected] => Array
                        (
                            [0] => *
                        )

                    [forceDeleting:protected] => 
                )

            [13] => App\Models\Task Object
                (
                    [connection:protected] => mysql
                    [table:protected] => tasks
                    [primaryKey:protected] => id
                    [keyType:protected] => int
                    [incrementing] => 1
                    [with:protected] => Array
                        (
                        )

                    [withCount:protected] => Array
                        (
                        )

                    [preventsLazyLoading] => 
                    [perPage:protected] => 15
                    [exists] => 1
                    [wasRecentlyCreated] => 
                    [escapeWhenCastingToString:protected] => 
                    [attributes:protected] => Array
                        (
                            [project_id] => 2
                        )

                    [original:protected] => Array
                        (
                            [project_id] => 2
                        )

                    [changes:protected] => Array
                        (
                        )

                    [casts:protected] => Array
                        (
                            [deleted_at] => datetime
                        )

                    [classCastCache:protected] => Array
                        (
                        )

                    [attributeCastCache:protected] => Array
                        (
                        )

                    [dateFormat:protected] => 
                    [appends:protected] => Array
                        (
                        )

                    [dispatchesEvents:protected] => Array
                        (
                        )

                    [observables:protected] => Array
                        (
                        )

                    [relations:protected] => Array
                        (
                        )

                    [touches:protected] => Array
                        (
                        )

                    [timestamps] => 1
                    [usesUniqueIds] => 
                    [hidden:protected] => Array
                        (
                        )

                    [visible:protected] => Array
                        (
                        )

                    [fillable:protected] => Array
                        (
                        )

                    [guarded:protected] => Array
                        (
                            [0] => *
                        )

                    [forceDeleting:protected] => 
                )

            [14] => App\Models\Task Object
                (
                    [connection:protected] => mysql
                    [table:protected] => tasks
                    [primaryKey:protected] => id
                    [keyType:protected] => int
                    [incrementing] => 1
                    [with:protected] => Array
                        (
                        )

                    [withCount:protected] => Array
                        (
                        )

                    [preventsLazyLoading] => 
                    [perPage:protected] => 15
                    [exists] => 1
                    [wasRecentlyCreated] => 
                    [escapeWhenCastingToString:protected] => 
                    [attributes:protected] => Array
                        (
                            [project_id] => 2
                        )

                    [original:protected] => Array
                        (
                            [project_id] => 2
                        )

                    [changes:protected] => Array
                        (
                        )

                    [casts:protected] => Array
                        (
                            [deleted_at] => datetime
                        )

                    [classCastCache:protected] => Array
                        (
                        )

                    [attributeCastCache:protected] => Array
                        (
                        )

                    [dateFormat:protected] => 
                    [appends:protected] => Array
                        (
                        )

                    [dispatchesEvents:protected] => Array
                        (
                        )

                    [observables:protected] => Array
                        (
                        )

                    [relations:protected] => Array
                        (
                        )

                    [touches:protected] => Array
                        (
                        )

                    [timestamps] => 1
                    [usesUniqueIds] => 
                    [hidden:protected] => Array
                        (
                        )

                    [visible:protected] => Array
                        (
                        )

                    [fillable:protected] => Array
                        (
                        )

                    [guarded:protected] => Array
                        (
                            [0] => *
                        )

                    [forceDeleting:protected] => 
                )

            [15] => App\Models\Task Object
                (
                    [connection:protected] => mysql
                    [table:protected] => tasks
                    [primaryKey:protected] => id
                    [keyType:protected] => int
                    [incrementing] => 1
                    [with:protected] => Array
                        (
                        )

                    [withCount:protected] => Array
                        (
                        )

                    [preventsLazyLoading] => 
                    [perPage:protected] => 15
                    [exists] => 1
                    [wasRecentlyCreated] => 
                    [escapeWhenCastingToString:protected] => 
                    [attributes:protected] => Array
                        (
                            [project_id] => 2
                        )

                    [original:protected] => Array
                        (
                            [project_id] => 2
                        )

                    [changes:protected] => Array
                        (
                        )

                    [casts:protected] => Array
                        (
                            [deleted_at] => datetime
                        )

                    [classCastCache:protected] => Array
                        (
                        )

                    [attributeCastCache:protected] => Array
                        (
                        )

                    [dateFormat:protected] => 
                    [appends:protected] => Array
                        (
                        )

                    [dispatchesEvents:protected] => Array
                        (
                        )

                    [observables:protected] => Array
                        (
                        )

                    [relations:protected] => Array
                        (
                        )

                    [touches:protected] => Array
                        (
                        )

                    [timestamps] => 1
                    [usesUniqueIds] => 
                    [hidden:protected] => Array
                        (
                        )

                    [visible:protected] => Array
                        (
                        )

                    [fillable:protected] => Array
                        (
                        )

                    [guarded:protected] => Array
                        (
                            [0] => *
                        )

                    [forceDeleting:protected] => 
                )

            [16] => App\Models\Task Object
                (
                    [connection:protected] => mysql
                    [table:protected] => tasks
                    [primaryKey:protected] => id
                    [keyType:protected] => int
                    [incrementing] => 1
                    [with:protected] => Array
                        (
                        )

                    [withCount:protected] => Array
                        (
                        )

                    [preventsLazyLoading] => 
                    [perPage:protected] => 15
                    [exists] => 1
                    [wasRecentlyCreated] => 
                    [escapeWhenCastingToString:protected] => 
                    [attributes:protected] => Array
                        (
                            [project_id] => 2
                        )

                    [original:protected] => Array
                        (
                            [project_id] => 2
                        )

                    [changes:protected] => Array
                        (
                        )

                    [casts:protected] => Array
                        (
                            [deleted_at] => datetime
                        )

                    [classCastCache:protected] => Array
                        (
                        )

                    [attributeCastCache:protected] => Array
                        (
                        )

                    [dateFormat:protected] => 
                    [appends:protected] => Array
                        (
                        )

                    [dispatchesEvents:protected] => Array
                        (
                        )

                    [observables:protected] => Array
                        (
                        )

                    [relations:protected] => Array
                        (
                        )

                    [touches:protected] => Array
                        (
                        )

                    [timestamps] => 1
                    [usesUniqueIds] => 
                    [hidden:protected] => Array
                        (
                        )

                    [visible:protected] => Array
                        (
                        )

                    [fillable:protected] => Array
                        (
                        )

                    [guarded:protected] => Array
                        (
                            [0] => *
                        )

                    [forceDeleting:protected] => 
                )

            [17] => App\Models\Task Object
                (
                    [connection:protected] => mysql
                    [table:protected] => tasks
                    [primaryKey:protected] => id
                    [keyType:protected] => int
                    [incrementing] => 1
                    [with:protected] => Array
                        (
                        )

                    [withCount:protected] => Array
                        (
                        )

                    [preventsLazyLoading] => 
                    [perPage:protected] => 15
                    [exists] => 1
                    [wasRecentlyCreated] => 
                    [escapeWhenCastingToString:protected] => 
                    [attributes:protected] => Array
                        (
                            [project_id] => 2
                        )

                    [original:protected] => Array
                        (
                            [project_id] => 2
                        )

                    [changes:protected] => Array
                        (
                        )

                    [casts:protected] => Array
                        (
                            [deleted_at] => datetime
                        )

                    [classCastCache:protected] => Array
                        (
                        )

                    [attributeCastCache:protected] => Array
                        (
                        )

                    [dateFormat:protected] => 
                    [appends:protected] => Array
                        (
                        )

                    [dispatchesEvents:protected] => Array
                        (
                        )

                    [observables:protected] => Array
                        (
                        )

                    [relations:protected] => Array
                        (
                        )

                    [touches:protected] => Array
                        (
                        )

                    [timestamps] => 1
                    [usesUniqueIds] => 
                    [hidden:protected] => Array
                        (
                        )

                    [visible:protected] => Array
                        (
                        )

                    [fillable:protected] => Array
                        (
                        )

                    [guarded:protected] => Array
                        (
                            [0] => *
                        )

                    [forceDeleting:protected] => 
                )

            [18] => App\Models\Task Object
                (
                    [connection:protected] => mysql
                    [table:protected] => tasks
                    [primaryKey:protected] => id
                    [keyType:protected] => int
                    [incrementing] => 1
                    [with:protected] => Array
                        (
                        )

                    [withCount:protected] => Array
                        (
                        )

                    [preventsLazyLoading] => 
                    [perPage:protected] => 15
                    [exists] => 1
                    [wasRecentlyCreated] => 
                    [escapeWhenCastingToString:protected] => 
                    [attributes:protected] => Array
                        (
                            [project_id] => 2
                        )

                    [original:protected] => Array
                        (
                            [project_id] => 2
                        )

                    [changes:protected] => Array
                        (
                        )

                    [casts:protected] => Array
                        (
                            [deleted_at] => datetime
                        )

                    [classCastCache:protected] => Array
                        (
                        )

                    [attributeCastCache:protected] => Array
                        (
                        )

                    [dateFormat:protected] => 
                    [appends:protected] => Array
                        (
                        )

                    [dispatchesEvents:protected] => Array
                        (
                        )

                    [observables:protected] => Array
                        (
                        )

                    [relations:protected] => Array
                        (
                        )

                    [touches:protected] => Array
                        (
                        )

                    [timestamps] => 1
                    [usesUniqueIds] => 
                    [hidden:protected] => Array
                        (
                        )

                    [visible:protected] => Array
                        (
                        )

                    [fillable:protected] => Array
                        (
                        )

                    [guarded:protected] => Array
                        (
                            [0] => *
                        )

                    [forceDeleting:protected] => 
                )

            [19] => App\Models\Task Object
                (
                    [connection:protected] => mysql
                    [table:protected] => tasks
                    [primaryKey:protected] => id
                    [keyType:protected] => int
                    [incrementing] => 1
                    [with:protected] => Array
                        (
                        )

                    [withCount:protected] => Array
                        (
                        )

                    [preventsLazyLoading] => 
                    [perPage:protected] => 15
                    [exists] => 1
                    [wasRecentlyCreated] => 
                    [escapeWhenCastingToString:protected] => 
                    [attributes:protected] => Array
                        (
                            [project_id] => 2
                        )

                    [original:protected] => Array
                        (
                            [project_id] => 2
                        )

                    [changes:protected] => Array
                        (
                        )

                    [casts:protected] => Array
                        (
                            [deleted_at] => datetime
                        )

                    [classCastCache:protected] => Array
                        (
                        )

                    [attributeCastCache:protected] => Array
                        (
                        )

                    [dateFormat:protected] => 
                    [appends:protected] => Array
                        (
                        )

                    [dispatchesEvents:protected] => Array
                        (
                        )

                    [observables:protected] => Array
                        (
                        )

                    [relations:protected] => Array
                        (
                        )

                    [touches:protected] => Array
                        (
                        )

                    [timestamps] => 1
                    [usesUniqueIds] => 
                    [hidden:protected] => Array
                        (
                        )

                    [visible:protected] => Array
                        (
                        )

                    [fillable:protected] => Array
                        (
                        )

                    [guarded:protected] => Array
                        (
                            [0] => *
                        )

                    [forceDeleting:protected] => 
                )

            [20] => App\Models\Task Object
                (
                    [connection:protected] => mysql
                    [table:protected] => tasks
                    [primaryKey:protected] => id
                    [keyType:protected] => int
                    [incrementing] => 1
                    [with:protected] => Array
                        (
                        )

                    [withCount:protected] => Array
                        (
                        )

                    [preventsLazyLoading] => 
                    [perPage:protected] => 15
                    [exists] => 1
                    [wasRecentlyCreated] => 
                    [escapeWhenCastingToString:protected] => 
                    [attributes:protected] => Array
                        (
                            [project_id] => 2
                        )

                    [original:protected] => Array
                        (
                            [project_id] => 2
                        )

                    [changes:protected] => Array
                        (
                        )

                    [casts:protected] => Array
                        (
                            [deleted_at] => datetime
                        )

                    [classCastCache:protected] => Array
                        (
                        )

                    [attributeCastCache:protected] => Array
                        (
                        )

                    [dateFormat:protected] => 
                    [appends:protected] => Array
                        (
                        )

                    [dispatchesEvents:protected] => Array
                        (
                        )

                    [observables:protected] => Array
                        (
                        )

                    [relations:protected] => Array
                        (
                        )

                    [touches:protected] => Array
                        (
                        )

                    [timestamps] => 1
                    [usesUniqueIds] => 
                    [hidden:protected] => Array
                        (
                        )

                    [visible:protected] => Array
                        (
                        )

                    [fillable:protected] => Array
                        (
                        )

                    [guarded:protected] => Array
                        (
                            [0] => *
                        )

                    [forceDeleting:protected] => 
                )

            [21] => App\Models\Task Object
                (
                    [connection:protected] => mysql
                    [table:protected] => tasks
                    [primaryKey:protected] => id
                    [keyType:protected] => int
                    [incrementing] => 1
                    [with:protected] => Array
                        (
                        )

                    [withCount:protected] => Array
                        (
                        )

                    [preventsLazyLoading] => 
                    [perPage:protected] => 15
                    [exists] => 1
                    [wasRecentlyCreated] => 
                    [escapeWhenCastingToString:protected] => 
                    [attributes:protected] => Array
                        (
                            [project_id] => 2
                        )

                    [original:protected] => Array
                        (
                            [project_id] => 2
                        )

                    [changes:protected] => Array
                        (
                        )

                    [casts:protected] => Array
                        (
                            [deleted_at] => datetime
                        )

                    [classCastCache:protected] => Array
                        (
                        )

                    [attributeCastCache:protected] => Array
                        (
                        )

                    [dateFormat:protected] => 
                    [appends:protected] => Array
                        (
                        )

                    [dispatchesEvents:protected] => Array
                        (
                        )

                    [observables:protected] => Array
                        (
                        )

                    [relations:protected] => Array
                        (
                        )

                    [touches:protected] => Array
                        (
                        )

                    [timestamps] => 1
                    [usesUniqueIds] => 
                    [hidden:protected] => Array
                        (
                        )

                    [visible:protected] => Array
                        (
                        )

                    [fillable:protected] => Array
                        (
                        )

                    [guarded:protected] => Array
                        (
                            [0] => *
                        )

                    [forceDeleting:protected] => 
                )

            [22] => App\Models\Task Object
                (
                    [connection:protected] => mysql
                    [table:protected] => tasks
                    [primaryKey:protected] => id
                    [keyType:protected] => int
                    [incrementing] => 1
                    [with:protected] => Array
                        (
                        )

                    [withCount:protected] => Array
                        (
                        )

                    [preventsLazyLoading] => 
                    [perPage:protected] => 15
                    [exists] => 1
                    [wasRecentlyCreated] => 
                    [escapeWhenCastingToString:protected] => 
                    [attributes:protected] => Array
                        (
                            [project_id] => 2
                        )

                    [original:protected] => Array
                        (
                            [project_id] => 2
                        )

                    [changes:protected] => Array
                        (
                        )

                    [casts:protected] => Array
                        (
                            [deleted_at] => datetime
                        )

                    [classCastCache:protected] => Array
                        (
                        )

                    [attributeCastCache:protected] => Array
                        (
                        )

                    [dateFormat:protected] => 
                    [appends:protected] => Array
                        (
                        )

                    [dispatchesEvents:protected] => Array
                        (
                        )

                    [observables:protected] => Array
                        (
                        )

                    [relations:protected] => Array
                        (
                        )

                    [touches:protected] => Array
                        (
                        )

                    [timestamps] => 1
                    [usesUniqueIds] => 
                    [hidden:protected] => Array
                        (
                        )

                    [visible:protected] => Array
                        (
                        )

                    [fillable:protected] => Array
                        (
                        )

                    [guarded:protected] => Array
                        (
                            [0] => *
                        )

                    [forceDeleting:protected] => 
                )

            [23] => App\Models\Task Object
                (
                    [connection:protected] => mysql
                    [table:protected] => tasks
                    [primaryKey:protected] => id
                    [keyType:protected] => int
                    [incrementing] => 1
                    [with:protected] => Array
                        (
                        )

                    [withCount:protected] => Array
                        (
                        )

                    [preventsLazyLoading] => 
                    [perPage:protected] => 15
                    [exists] => 1
                    [wasRecentlyCreated] => 
                    [escapeWhenCastingToString:protected] => 
                    [attributes:protected] => Array
                        (
                            [project_id] => 2
                        )

                    [original:protected] => Array
                        (
                            [project_id] => 2
                        )

                    [changes:protected] => Array
                        (
                        )

                    [casts:protected] => Array
                        (
                            [deleted_at] => datetime
                        )

                    [classCastCache:protected] => Array
                        (
                        )

                    [attributeCastCache:protected] => Array
                        (
                        )

                    [dateFormat:protected] => 
                    [appends:protected] => Array
                        (
                        )

                    [dispatchesEvents:protected] => Array
                        (
                        )

                    [observables:protected] => Array
                        (
                        )

                    [relations:protected] => Array
                        (
                        )

                    [touches:protected] => Array
                        (
                        )

                    [timestamps] => 1
                    [usesUniqueIds] => 
                    [hidden:protected] => Array
                        (
                        )

                    [visible:protected] => Array
                        (
                        )

                    [fillable:protected] => Array
                        (
                        )

                    [guarded:protected] => Array
                        (
                            [0] => *
                        )

                    [forceDeleting:protected] => 
                )

            [24] => App\Models\Task Object
                (
                    [connection:protected] => mysql
                    [table:protected] => tasks
                    [primaryKey:protected] => id
                    [keyType:protected] => int
                    [incrementing] => 1
                    [with:protected] => Array
                        (
                        )

                    [withCount:protected] => Array
                        (
                        )

                    [preventsLazyLoading] => 
                    [perPage:protected] => 15
                    [exists] => 1
                    [wasRecentlyCreated] => 
                    [escapeWhenCastingToString:protected] => 
                    [attributes:protected] => Array
                        (
                            [project_id] => 3
                        )

                    [original:protected] => Array
                        (
                            [project_id] => 3
                        )

                    [changes:protected] => Array
                        (
                        )

                    [casts:protected] => Array
                        (
                            [deleted_at] => datetime
                        )

                    [classCastCache:protected] => Array
                        (
                        )

                    [attributeCastCache:protected] => Array
                        (
                        )

                    [dateFormat:protected] => 
                    [appends:protected] => Array
                        (
                        )

                    [dispatchesEvents:protected] => Array
                        (
                        )

                    [observables:protected] => Array
                        (
                        )

                    [relations:protected] => Array
                        (
                        )

                    [touches:protected] => Array
                        (
                        )

                    [timestamps] => 1
                    [usesUniqueIds] => 
                    [hidden:protected] => Array
                        (
                        )

                    [visible:protected] => Array
                        (
                        )

                    [fillable:protected] => Array
                        (
                        )

                    [guarded:protected] => Array
                        (
                            [0] => *
                        )

                    [forceDeleting:protected] => 
                )

            [25] => App\Models\Task Object
                (
                    [connection:protected] => mysql
                    [table:protected] => tasks
                    [primaryKey:protected] => id
                    [keyType:protected] => int
                    [incrementing] => 1
                    [with:protected] => Array
                        (
                        )

                    [withCount:protected] => Array
                        (
                        )

                    [preventsLazyLoading] => 
                    [perPage:protected] => 15
                    [exists] => 1
                    [wasRecentlyCreated] => 
                    [escapeWhenCastingToString:protected] => 
                    [attributes:protected] => Array
                        (
                            [project_id] => 3
                        )

                    [original:protected] => Array
                        (
                            [project_id] => 3
                        )

                    [changes:protected] => Array
                        (
                        )

                    [casts:protected] => Array
                        (
                            [deleted_at] => datetime
                        )

                    [classCastCache:protected] => Array
                        (
                        )

                    [attributeCastCache:protected] => Array
                        (
                        )

                    [dateFormat:protected] => 
                    [appends:protected] => Array
                        (
                        )

                    [dispatchesEvents:protected] => Array
                        (
                        )

                    [observables:protected] => Array
                        (
                        )

                    [relations:protected] => Array
                        (
                        )

                    [touches:protected] => Array
                        (
                        )

                    [timestamps] => 1
                    [usesUniqueIds] => 
                    [hidden:protected] => Array
                        (
                        )

                    [visible:protected] => Array
                        (
                        )

                    [fillable:protected] => Array
                        (
                        )

                    [guarded:protected] => Array
                        (
                            [0] => *
                        )

                    [forceDeleting:protected] => 
                )

            [26] => App\Models\Task Object
                (
                    [connection:protected] => mysql
                    [table:protected] => tasks
                    [primaryKey:protected] => id
                    [keyType:protected] => int
                    [incrementing] => 1
                    [with:protected] => Array
                        (
                        )

                    [withCount:protected] => Array
                        (
                        )

                    [preventsLazyLoading] => 
                    [perPage:protected] => 15
                    [exists] => 1
                    [wasRecentlyCreated] => 
                    [escapeWhenCastingToString:protected] => 
                    [attributes:protected] => Array
                        (
                            [project_id] => 8
                        )

                    [original:protected] => Array
                        (
                            [project_id] => 8
                        )

                    [changes:protected] => Array
                        (
                        )

                    [casts:protected] => Array
                        (
                            [deleted_at] => datetime
                        )

                    [classCastCache:protected] => Array
                        (
                        )

                    [attributeCastCache:protected] => Array
                        (
                        )

                    [dateFormat:protected] => 
                    [appends:protected] => Array
                        (
                        )

                    [dispatchesEvents:protected] => Array
                        (
                        )

                    [observables:protected] => Array
                        (
                        )

                    [relations:protected] => Array
                        (
                        )

                    [touches:protected] => Array
                        (
                        )

                    [timestamps] => 1
                    [usesUniqueIds] => 
                    [hidden:protected] => Array
                        (
                        )

                    [visible:protected] => Array
                        (
                        )

                    [fillable:protected] => Array
                        (
                        )

                    [guarded:protected] => Array
                        (
                            [0] => *
                        )

                    [forceDeleting:protected] => 
                )

            [27] => App\Models\Task Object
                (
                    [connection:protected] => mysql
                    [table:protected] => tasks
                    [primaryKey:protected] => id
                    [keyType:protected] => int
                    [incrementing] => 1
                    [with:protected] => Array
                        (
                        )

                    [withCount:protected] => Array
                        (
                        )

                    [preventsLazyLoading] => 
                    [perPage:protected] => 15
                    [exists] => 1
                    [wasRecentlyCreated] => 
                    [escapeWhenCastingToString:protected] => 
                    [attributes:protected] => Array
                        (
                            [project_id] => 8
                        )

                    [original:protected] => Array
                        (
                            [project_id] => 8
                        )

                    [changes:protected] => Array
                        (
                        )

                    [casts:protected] => Array
                        (
                            [deleted_at] => datetime
                        )

                    [classCastCache:protected] => Array
                        (
                        )

                    [attributeCastCache:protected] => Array
                        (
                        )

                    [dateFormat:protected] => 
                    [appends:protected] => Array
                        (
                        )

                    [dispatchesEvents:protected] => Array
                        (
                        )

                    [observables:protected] => Array
                        (
                        )

                    [relations:protected] => Array
                        (
                        )

                    [touches:protected] => Array
                        (
                        )

                    [timestamps] => 1
                    [usesUniqueIds] => 
                    [hidden:protected] => Array
                        (
                        )

                    [visible:protected] => Array
                        (
                        )

                    [fillable:protected] => Array
                        (
                        )

                    [guarded:protected] => Array
                        (
                            [0] => *
                        )

                    [forceDeleting:protected] => 
                )

            [28] => App\Models\Task Object
                (
                    [connection:protected] => mysql
                    [table:protected] => tasks
                    [primaryKey:protected] => id
                    [keyType:protected] => int
                    [incrementing] => 1
                    [with:protected] => Array
                        (
                        )

                    [withCount:protected] => Array
                        (
                        )

                    [preventsLazyLoading] => 
                    [perPage:protected] => 15
                    [exists] => 1
                    [wasRecentlyCreated] => 
                    [escapeWhenCastingToString:protected] => 
                    [attributes:protected] => Array
                        (
                            [project_id] => 3
                        )

                    [original:protected] => Array
                        (
                            [project_id] => 3
                        )

                    [changes:protected] => Array
                        (
                        )

                    [casts:protected] => Array
                        (
                            [deleted_at] => datetime
                        )

                    [classCastCache:protected] => Array
                        (
                        )

                    [attributeCastCache:protected] => Array
                        (
                        )

                    [dateFormat:protected] => 
                    [appends:protected] => Array
                        (
                        )

                    [dispatchesEvents:protected] => Array
                        (
                        )

                    [observables:protected] => Array
                        (
                        )

                    [relations:protected] => Array
                        (
                        )

                    [touches:protected] => Array
                        (
                        )

                    [timestamps] => 1
                    [usesUniqueIds] => 
                    [hidden:protected] => Array
                        (
                        )

                    [visible:protected] => Array
                        (
                        )

                    [fillable:protected] => Array
                        (
                        )

                    [guarded:protected] => Array
                        (
                            [0] => *
                        )

                    [forceDeleting:protected] => 
                )

            [29] => App\Models\Task Object
                (
                    [connection:protected] => mysql
                    [table:protected] => tasks
                    [primaryKey:protected] => id
                    [keyType:protected] => int
                    [incrementing] => 1
                    [with:protected] => Array
                        (
                        )

                    [withCount:protected] => Array
                        (
                        )

                    [preventsLazyLoading] => 
                    [perPage:protected] => 15
                    [exists] => 1
                    [wasRecentlyCreated] => 
                    [escapeWhenCastingToString:protected] => 
                    [attributes:protected] => Array
                        (
                            [project_id] => 3
                        )

                    [original:protected] => Array
                        (
                            [project_id] => 3
                        )

                    [changes:protected] => Array
                        (
                        )

                    [casts:protected] => Array
                        (
                            [deleted_at] => datetime
                        )

                    [classCastCache:protected] => Array
                        (
                        )

                    [attributeCastCache:protected] => Array
                        (
                        )

                    [dateFormat:protected] => 
                    [appends:protected] => Array
                        (
                        )

                    [dispatchesEvents:protected] => Array
                        (
                        )

                    [observables:protected] => Array
                        (
                        )

                    [relations:protected] => Array
                        (
                        )

                    [touches:protected] => Array
                        (
                        )

                    [timestamps] => 1
                    [usesUniqueIds] => 
                    [hidden:protected] => Array
                        (
                        )

                    [visible:protected] => Array
                        (
                        )

                    [fillable:protected] => Array
                        (
                        )

                    [guarded:protected] => Array
                        (
                            [0] => *
                        )

                    [forceDeleting:protected] => 
                )

            [30] => App\Models\Task Object
                (
                    [connection:protected] => mysql
                    [table:protected] => tasks
                    [primaryKey:protected] => id
                    [keyType:protected] => int
                    [incrementing] => 1
                    [with:protected] => Array
                        (
                        )

                    [withCount:protected] => Array
                        (
                        )

                    [preventsLazyLoading] => 
                    [perPage:protected] => 15
                    [exists] => 1
                    [wasRecentlyCreated] => 
                    [escapeWhenCastingToString:protected] => 
                    [attributes:protected] => Array
                        (
                            [project_id] => 3
                        )

                    [original:protected] => Array
                        (
                            [project_id] => 3
                        )

                    [changes:protected] => Array
                        (
                        )

                    [casts:protected] => Array
                        (
                            [deleted_at] => datetime
                        )

                    [classCastCache:protected] => Array
                        (
                        )

                    [attributeCastCache:protected] => Array
                        (
                        )

                    [dateFormat:protected] => 
                    [appends:protected] => Array
                        (
                        )

                    [dispatchesEvents:protected] => Array
                        (
                        )

                    [observables:protected] => Array
                        (
                        )

                    [relations:protected] => Array
                        (
                        )

                    [touches:protected] => Array
                        (
                        )

                    [timestamps] => 1
                    [usesUniqueIds] => 
                    [hidden:protected] => Array
                        (
                        )

                    [visible:protected] => Array
                        (
                        )

                    [fillable:protected] => Array
                        (
                        )

                    [guarded:protected] => Array
                        (
                            [0] => *
                        )

                    [forceDeleting:protected] => 
                )

            [31] => App\Models\Task Object
                (
                    [connection:protected] => mysql
                    [table:protected] => tasks
                    [primaryKey:protected] => id
                    [keyType:protected] => int
                    [incrementing] => 1
                    [with:protected] => Array
                        (
                        )

                    [withCount:protected] => Array
                        (
                        )

                    [preventsLazyLoading] => 
                    [perPage:protected] => 15
                    [exists] => 1
                    [wasRecentlyCreated] => 
                    [escapeWhenCastingToString:protected] => 
                    [attributes:protected] => Array
                        (
                            [project_id] => 3
                        )

                    [original:protected] => Array
                        (
                            [project_id] => 3
                        )

                    [changes:protected] => Array
                        (
                        )

                    [casts:protected] => Array
                        (
                            [deleted_at] => datetime
                        )

                    [classCastCache:protected] => Array
                        (
                        )

                    [attributeCastCache:protected] => Array
                        (
                        )

                    [dateFormat:protected] => 
                    [appends:protected] => Array
                        (
                        )

                    [dispatchesEvents:protected] => Array
                        (
                        )

                    [observables:protected] => Array
                        (
                        )

                    [relations:protected] => Array
                        (
                        )

                    [touches:protected] => Array
                        (
                        )

                    [timestamps] => 1
                    [usesUniqueIds] => 
                    [hidden:protected] => Array
                        (
                        )

                    [visible:protected] => Array
                        (
                        )

                    [fillable:protected] => Array
                        (
                        )

                    [guarded:protected] => Array
                        (
                            [0] => *
                        )

                    [forceDeleting:protected] => 
                )

            [32] => App\Models\Task Object
                (
                    [connection:protected] => mysql
                    [table:protected] => tasks
                    [primaryKey:protected] => id
                    [keyType:protected] => int
                    [incrementing] => 1
                    [with:protected] => Array
                        (
                        )

                    [withCount:protected] => Array
                        (
                        )

                    [preventsLazyLoading] => 
                    [perPage:protected] => 15
                    [exists] => 1
                    [wasRecentlyCreated] => 
                    [escapeWhenCastingToString:protected] => 
                    [attributes:protected] => Array
                        (
                            [project_id] => 3
                        )

                    [original:protected] => Array
                        (
                            [project_id] => 3
                        )

                    [changes:protected] => Array
                        (
                        )

                    [casts:protected] => Array
                        (
                            [deleted_at] => datetime
                        )

                    [classCastCache:protected] => Array
                        (
                        )

                    [attributeCastCache:protected] => Array
                        (
                        )

                    [dateFormat:protected] => 
                    [appends:protected] => Array
                        (
                        )

                    [dispatchesEvents:protected] => Array
                        (
                        )

                    [observables:protected] => Array
                        (
                        )

                    [relations:protected] => Array
                        (
                        )

                    [touches:protected] => Array
                        (
                        )

                    [timestamps] => 1
                    [usesUniqueIds] => 
                    [hidden:protected] => Array
                        (
                        )

                    [visible:protected] => Array
                        (
                        )

                    [fillable:protected] => Array
                        (
                        )

                    [guarded:protected] => Array
                        (
                            [0] => *
                        )

                    [forceDeleting:protected] => 
                )

            [33] => App\Models\Task Object
                (
                    [connection:protected] => mysql
                    [table:protected] => tasks
                    [primaryKey:protected] => id
                    [keyType:protected] => int
                    [incrementing] => 1
                    [with:protected] => Array
                        (
                        )

                    [withCount:protected] => Array
                        (
                        )

                    [preventsLazyLoading] => 
                    [perPage:protected] => 15
                    [exists] => 1
                    [wasRecentlyCreated] => 
                    [escapeWhenCastingToString:protected] => 
                    [attributes:protected] => Array
                        (
                            [project_id] => 2
                        )

                    [original:protected] => Array
                        (
                            [project_id] => 2
                        )

                    [changes:protected] => Array
                        (
                        )

                    [casts:protected] => Array
                        (
                            [deleted_at] => datetime
                        )

                    [classCastCache:protected] => Array
                        (
                        )

                    [attributeCastCache:protected] => Array
                        (
                        )

                    [dateFormat:protected] => 
                    [appends:protected] => Array
                        (
                        )

                    [dispatchesEvents:protected] => Array
                        (
                        )

                    [observables:protected] => Array
                        (
                        )

                    [relations:protected] => Array
                        (
                        )

                    [touches:protected] => Array
                        (
                        )

                    [timestamps] => 1
                    [usesUniqueIds] => 
                    [hidden:protected] => Array
                        (
                        )

                    [visible:protected] => Array
                        (
                        )

                    [fillable:protected] => Array
                        (
                        )

                    [guarded:protected] => Array
                        (
                            [0] => *
                        )

                    [forceDeleting:protected] => 
                )

            [34] => App\Models\Task Object
                (
                    [connection:protected] => mysql
                    [table:protected] => tasks
                    [primaryKey:protected] => id
                    [keyType:protected] => int
                    [incrementing] => 1
                    [with:protected] => Array
                        (
                        )

                    [withCount:protected] => Array
                        (
                        )

                    [preventsLazyLoading] => 
                    [perPage:protected] => 15
                    [exists] => 1
                    [wasRecentlyCreated] => 
                    [escapeWhenCastingToString:protected] => 
                    [attributes:protected] => Array
                        (
                            [project_id] => 3
                        )

                    [original:protected] => Array
                        (
                            [project_id] => 3
                        )

                    [changes:protected] => Array
                        (
                        )

                    [casts:protected] => Array
                        (
                            [deleted_at] => datetime
                        )

                    [classCastCache:protected] => Array
                        (
                        )

                    [attributeCastCache:protected] => Array
                        (
                        )

                    [dateFormat:protected] => 
                    [appends:protected] => Array
                        (
                        )

                    [dispatchesEvents:protected] => Array
                        (
                        )

                    [observables:protected] => Array
                        (
                        )

                    [relations:protected] => Array
                        (
                        )

                    [touches:protected] => Array
                        (
                        )

                    [timestamps] => 1
                    [usesUniqueIds] => 
                    [hidden:protected] => Array
                        (
                        )

                    [visible:protected] => Array
                        (
                        )

                    [fillable:protected] => Array
                        (
                        )

                    [guarded:protected] => Array
                        (
                            [0] => *
                        )

                    [forceDeleting:protected] => 
                )

            [35] => App\Models\Task Object
                (
                    [connection:protected] => mysql
                    [table:protected] => tasks
                    [primaryKey:protected] => id
                    [keyType:protected] => int
                    [incrementing] => 1
                    [with:protected] => Array
                        (
                        )

                    [withCount:protected] => Array
                        (
                        )

                    [preventsLazyLoading] => 
                    [perPage:protected] => 15
                    [exists] => 1
                    [wasRecentlyCreated] => 
                    [escapeWhenCastingToString:protected] => 
                    [attributes:protected] => Array
                        (
                            [project_id] => 3
                        )

                    [original:protected] => Array
                        (
                            [project_id] => 3
                        )

                    [changes:protected] => Array
                        (
                        )

                    [casts:protected] => Array
                        (
                            [deleted_at] => datetime
                        )

                    [classCastCache:protected] => Array
                        (
                        )

                    [attributeCastCache:protected] => Array
                        (
                        )

                    [dateFormat:protected] => 
                    [appends:protected] => Array
                        (
                        )

                    [dispatchesEvents:protected] => Array
                        (
                        )

                    [observables:protected] => Array
                        (
                        )

                    [relations:protected] => Array
                        (
                        )

                    [touches:protected] => Array
                        (
                        )

                    [timestamps] => 1
                    [usesUniqueIds] => 
                    [hidden:protected] => Array
                        (
                        )

                    [visible:protected] => Array
                        (
                        )

                    [fillable:protected] => Array
                        (
                        )

                    [guarded:protected] => Array
                        (
                            [0] => *
                        )

                    [forceDeleting:protected] => 
                )

        )

    [escapeWhenCastingToString:protected] => 
)
